[2023-12-17 17:33:58,490]  1
1
1
1
[2023-12-17 17:33:58,496]  2
[2023-12-17 17:34:55,532]  3
[2023-12-17 17:34:55,541]  4
4
4
4
[2023-12-17 17:34:55,699]  5
[2023-12-17 17:34:55,797]  6
6
6
6
[2023-12-17 17:34:56,768]  7
7
7
7
[2023-12-17 17:35:55,791]  9
[2023-12-17 17:35:55,798]  10
[2023-12-17 17:35:55,801]  11
11
11
11
[2023-12-17 17:35:55,811]  12
[2023-12-17 17:35:55,819]  11
11
11
11
[2023-12-17 17:35:55,821]  13
[2023-12-17 17:35:56,176]  14
14
14
14
[2023-12-17 17:35:56,328]  15
15
15
15
[2023-12-17 17:35:56,977]  16
